app/build/outputs/logs/manifest-merger-debug-report.txt
-- Merging decision tree log ---
manifest
ADDED from src\main\AndroidManifest.xml:2:1-70:12
	package
		ADDED from src\main\AndroidManifest.xml:3:5-27
		INJECTED from src\main\AndroidManifest.xml
		INJECTED from src\main\AndroidManifest.xml
	android:versionName
		ADDED from src\main\AndroidManifest.xml:5:5-30
		INJECTED from src\main\AndroidManifest.xml
		INJECTED from src\main\AndroidManifest.xml
	android:versionCode
		ADDED from src\main\AndroidManifest.xml:4:5-28
		INJECTED from src\main\AndroidManifest.xml
		INJECTED from src\main\AndroidManifest.xml
	xmlns:android
		ADDED from src\main\AndroidManifest.xml:2:11-69
uses-sdk
ADDED from src\main\AndroidManifest.xml:7:5-9:41
	android:targetSdkVersion
		ADDED from src\main\AndroidManifest.xml:9:9-38
		INJECTED from src\main\AndroidManifest.xml
		INJECTED from src\main\AndroidManifest.xml
	android:minSdkVersion
		ADDED from src\main\AndroidManifest.xml:8:9-35
		INJECTED from src\main\AndroidManifest.xml
		INJECTED from src\main\AndroidManifest.xml
uses-permission#android.permission.NFC
ADDED from src\main\AndroidManifest.xml:11:5-62
	android:name
		ADDED from src\main\AndroidManifest.xml:11:22-59
uses-permission#com.android.nfc.permission.NFCEE_ADMIN
ADDED from src\main\AndroidManifest.xml:12:5-77
	android:name
		ADDED from src\main\AndroidManifest.xml:12:22-75
uses-permission#android.permission.WRITE_EXTERNAL_STORAGE
ADDED from src\main\AndroidManifest.xml:13:5-80
	android:name
		ADDED from src\main\AndroidManifest.xml:13:22-78
uses-permission#android.permission.READ_EXTERNAL_STORAGE
ADDED from src\main\AndroidManifest.xml:14:5-79
	android:name
		ADDED from src\main\AndroidManifest.xml:14:22-77
uses-permission#android.permission.MOUNT_UNMOUNT_FILESYSTEMS
ADDED from src\main\AndroidManifest.xml:15:5-83
	android:name
		ADDED from src\main\AndroidManifest.xml:15:22-81
uses-feature#android.hardware.nfc
ADDED from src\main\AndroidManifest.xml:17:5-19:35
	android:required
		ADDED from src\main\AndroidManifest.xml:19:9-32
	android:name
		ADDED from src\main\AndroidManifest.xml:18:9-44
application
ADDED from src\main\AndroidManifest.xml:21:5-68:19
	android:label
		ADDED from src\main\AndroidManifest.xml:25:9-41
	android:allowBackup
		ADDED from src\main\AndroidManifest.xml:23:9-35
	android:icon
		ADDED from src\main\AndroidManifest.xml:24:9-45
	android:theme
		ADDED from src\main\AndroidManifest.xml:26:9-40
	android:name
		ADDED from src\main\AndroidManifest.xml:22:9-64
activity#com.mcg.mpos.activities.MainActivity
ADDED from src\main\AndroidManifest.xml:27:9-50:20
	android:label
		ADDED from src\main\AndroidManifest.xml:29:13-45
	android:windowSoftInputMode
		ADDED from src\main\AndroidManifest.xml:30:13-55
	android:name
		ADDED from src\main\AndroidManifest.xml:28:13-64
intent-filter#android.intent.action.MAIN+android.intent.category.LAUNCHER
ADDED from src\main\AndroidManifest.xml:31:13-35:29
action#android.intent.action.MAIN
ADDED from src\main\AndroidManifest.xml:32:17-69
	android:name
		ADDED from src\main\AndroidManifest.xml:32:25-66
category#android.intent.category.LAUNCHER
ADDED from src\main\AndroidManifest.xml:34:17-77
	android:name
		ADDED from src\main\AndroidManifest.xml:34:27-74
intent-filter#android.nfc.action.TECH_DISCOVERED
ADDED from src\main\AndroidManifest.xml:37:13-39:29
action#android.nfc.action.TECH_DISCOVERED
ADDED from src\main\AndroidManifest.xml:38:17-77
	android:name
		ADDED from src\main\AndroidManifest.xml:38:25-74
intent-filter#android.intent.category.DEFAULT+android.nfc.action.TAG_DISCOVERED
ADDED from src\main\AndroidManifest.xml:41:13-45:29
action#android.nfc.action.TAG_DISCOVERED
ADDED from src\main\AndroidManifest.xml:42:17-76
	android:name
		ADDED from src\main\AndroidManifest.xml:42:25-73
category#android.intent.category.DEFAULT
ADDED from src\main\AndroidManifest.xml:44:17-76
	android:name
		ADDED from src\main\AndroidManifest.xml:44:27-73
meta-data#android.nfc.action.TECH_DISCOVERED
ADDED from src\main\AndroidManifest.xml:47:13-49:54
	android:resource
		ADDED from src\main\AndroidManifest.xml:49:17-51
	android:name
		ADDED from src\main\AndroidManifest.xml:48:17-66
activity#com.mcg.mpos.activities.HomeActivity
ADDED from src\main\AndroidManifest.xml:53:9-72
	android:name
		ADDED from src\main\AndroidManifest.xml:53:19-70
activity#com.mcg.mpos.activities.SalersManagementActivity
ADDED from src\main\AndroidManifest.xml:55:9-84
	android:name
		ADDED from src\main\AndroidManifest.xml:55:19-82
activity#com.mcg.mpos.activities.AddSalerActivity
ADDED from src\main\AndroidManifest.xml:56:9-76
	android:name
		ADDED from src\main\AndroidManifest.xml:56:19-74
activity#com.mcg.mpos.activities.DeleteSalerActivity
ADDED from src\main\AndroidManifest.xml:57:9-79
	android:name
		ADDED from src\main\AndroidManifest.xml:57:19-77
activity#com.mcg.mpos.activities.QueryActivity
ADDED from src\main\AndroidManifest.xml:58:9-73
	android:name
		ADDED from src\main\AndroidManifest.xml:58:19-71
activity#com.mcg.mpos.activities.TabActivity
ADDED from src\main\AndroidManifest.xml:60:9-59
	android:name
		ADDED from src\main\AndroidManifest.xml:60:19-57
service#com.mobilesecuritycard.openmobileapi.service.SmartcardService
ADDED from src\main\AndroidManifest.xml:62:9-66:19
	android:name
		ADDED from src\main\AndroidManifest.xml:62:18-94
intent-filter#com.mobilesecuritycard.openmobileapi.service.ISmartcardService
ADDED from src\main\AndroidManifest.xml:63:13-65:29
action#com.mobilesecuritycard.openmobileapi.service.ISmartcardService
ADDED from src\main\AndroidManifest.xml:64:17-105
	android:name
		ADDED from src\main\AndroidManifest.xml:64:25-102